<?xml version="1.0" encoding="UTF-8"?>
<!-- Generated by org.testng.reporters.JUnitReportReporter -->
<testsuite hostname="Tunga" failures="0" tests="1" name="SeleniumPractice.ExtentReportsPractice.ExtentReport" time="8.994" errors="0" timestamp="2024-01-09T22:31:47 IST" skipped="0">
  <testcase classname="SeleniumPractice.ExtentReportsPractice.ExtentReport" name="InitilizeApplication" time="8.994"/>
</testsuite> <!-- SeleniumPractice.ExtentReportsPractice.ExtentReport -->
