<?xml version="1.0" encoding="UTF-8"?>
<!-- Generated by org.testng.reporters.JUnitReportReporter -->
<testsuite hostname="Tunga" failures="0" tests="1" name="SeleniumPractice.ExtentReportsPractice.Paru" time="30.226" errors="0" timestamp="2024-11-15T19:46:55 IST" skipped="0">
  <testcase classname="SeleniumPractice.ExtentReportsPractice.Paru" name="InitilizeApplication" time="30.226"/>
</testsuite> <!-- SeleniumPractice.ExtentReportsPractice.Paru -->
