<?xml version="1.0" encoding="UTF-8"?>
<!-- Generated by org.testng.reporters.JUnitReportReporter -->
<testsuite hostname="Tunga" failures="0" tests="1" name="SeleniumPractice.ExtentReportsPractice.ExtentReport2" time="2.377" errors="0" timestamp="2024-01-09T22:39:04 IST" skipped="0">
  <testcase classname="SeleniumPractice.ExtentReportsPractice.ExtentReport2" name="Initilizer" time="2.377"/>
</testsuite> <!-- SeleniumPractice.ExtentReportsPractice.ExtentReport2 -->
