<?xml version="1.0" encoding="UTF-8"?>
<!-- Generated by org.testng.reporters.JUnitReportReporter -->
<testsuite hostname="Tunga" failures="0" tests="1" name="SeleniumPractice.ExtentReportsPractice.EctentReports3" time="5.389" errors="0" timestamp="2024-01-04T22:45:37 IST" skipped="0">
  <testcase classname="SeleniumPractice.ExtentReportsPractice.EctentReports3" name="LaunchApplication" time="5.389"/>
</testsuite> <!-- SeleniumPractice.ExtentReportsPractice.EctentReports3 -->
